{"name": "test_soft_assertions", "status": "failed", "statusDetails": {"message": "AssertionError: Title is not matching\nassert 'Gmail' == 'Google Chrome'\n  \n  - Google Chrome\n  + Gmail", "trace": "def test_soft_assertions():\n        actual_title = \"Gmail\"\n        expected_title = \"Google Chrome\"\n>       assert actual_title == expected_title, \"Title is not matching\"\nE       AssertionError: Title is not matching\nE       assert 'Gmail' == 'Google Chrome'\nE         \nE         - Google Chrome\nE         + Gmail\n\npytestCases\\test_soft_assertions.py:4: AssertionError"}, "start": 1711523943740, "stop": 1711523943740, "uuid": "fd17432d-e5f0-4c51-8de5-81d40b316a25", "historyId": "3d079b19ffcac0a40419ae270671689f", "testCaseId": "3d079b19ffcac0a40419ae270671689f", "fullName": "pytestCases.test_soft_assertions#test_soft_assertions", "labels": [{"name": "parentSuite", "value": "pytestCases"}, {"name": "suite", "value": "test_soft_assertions"}, {"name": "host", "value": "Thrinath"}, {"name": "thread", "value": "16476-MainThread"}, {"name": "framework", "value": "pytest"}, {"name": "language", "value": "cpython3"}, {"name": "package", "value": "pytestCases.test_soft_assertions"}]}